<?xml version="1.0" encoding="UTF-8"?>
<testng-results ignored="0" total="1" passed="1" failed="0" skipped="0">
  <reporter-output>
  </reporter-output>
  <suite started-at="2022-05-30T12:42:50Z" name="Default suite" finished-at="2022-05-30T12:42:50Z" duration-ms="515">
    <groups>
    </groups>
    <test started-at="2022-05-30T12:42:50Z" name="Default test" finished-at="2022-05-30T12:42:50Z" duration-ms="515">
      <class name="com.jenkins.PracticeTest.Practice_03Test">
        <test-method signature="practice_03Test()[pri:0, instance:com.jenkins.PracticeTest.Practice_03Test@51a8313b]" started-at="2022-05-30T12:42:50Z" name="practice_03Test" finished-at="2022-05-30T12:42:50Z" duration-ms="172" status="PASS">
          <reporter-output>
          </reporter-output>
        </test-method> <!-- practice_03Test -->
      </class> <!-- com.jenkins.PracticeTest.Practice_03Test -->
    </test> <!-- Default test -->
  </suite> <!-- Default suite -->
</testng-results>
